cd arg-demo && \
	docker image build --rm --build-arg key1="buildTimeValue" \
	--build-arg key2="good till env instruction" --tag arg-demo:2.0 .
Sending build context to Docker daemon  2.048kB
Step 1/12 : FROM alpine
 ---> 11cd0b38bc3c
Step 2/12 : LABEL maintainer="Earl Waud <earlwaud@mycompany.com>"
 ---> Using cache
 ---> 78327c365bdd
Step 3/12 : ENV key1="ENV is stronger than an ARG"
 ---> Using cache
 ---> f0574171f1af
Step 4/12 : RUN echo ${key1}
 ---> Running in 7c5ba6790ecf
ENV is stronger than an ARG
Removing intermediate container 7c5ba6790ecf
 ---> 72ddc1bce5c1
Step 5/12 : ARG key1="not going to matter"
 ---> Running in 8568592b5a03
Removing intermediate container 8568592b5a03
 ---> 7ea6e6d36aae
Step 6/12 : RUN echo ${key1}
 ---> Running in 1bb10439ca91
ENV is stronger than an ARG
Removing intermediate container 1bb10439ca91
 ---> b7b16f3da3c2
Step 7/12 : RUN echo ${key2}
 ---> Running in 735e53a03620

Removing intermediate container 735e53a03620
 ---> 171eb1d3bb75
Step 8/12 : ARG key2="defaultValue"
 ---> Running in 7a6c23f66221
Removing intermediate container 7a6c23f66221
 ---> c63438aa80f6
Step 9/12 : RUN echo ${key2}
 ---> Running in cea08bac6828
good till env instruction
Removing intermediate container cea08bac6828
 ---> fc00a7555929
Step 10/12 : ENV key2="ENV value takes over"
 ---> Running in f4df8ff91cc0
Removing intermediate container f4df8ff91cc0
 ---> 18691d83bc30
Step 11/12 : RUN echo ${key2}
 ---> Running in cde6600050f1
ENV value takes over
Removing intermediate container cde6600050f1
 ---> f41449d8c339
Step 12/12 : CMD ["sh"]
 ---> Running in bd3713a91229
Removing intermediate container bd3713a91229
 ---> e1849cbb0d23
Successfully built e1849cbb0d23
Successfully tagged arg-demo:2.0
